<?xml version="1.0" encoding="UTF-8"?>
<!-- Generated by org.testng.reporters.JUnitReportReporter -->
<testsuite hostname="LAPTOP-7QQ0HTND" failures="0" tests="1" name="qa.tests.SignupPage" time="27.075" errors="0" timestamp="2024-05-27T23:15:24 PKT" skipped="0">
  <testcase classname="qa.tests.SignupPage" name="HappySignup" time="27.075"/>
</testsuite> <!-- qa.tests.SignupPage -->
