<?xml version="1.0" encoding="UTF-8"?>
<!-- Generated by org.testng.reporters.JUnitReportReporter -->
<testsuite hostname="LAPTOP-7QQ0HTND" failures="0" tests="4" name="qa.tests.ForgotPassword" time="102.325" errors="0" timestamp="2024-05-27T21:57:07 PKT" skipped="0">
  <testcase classname="qa.tests.ForgotPassword" name="InvalidEmail" time="10.730"/>
  <testcase classname="qa.tests.ForgotPassword" name="ValidEmail" time="31.204"/>
  <testcase classname="qa.tests.ForgotPassword" name="VerifyResetPasswordEmail" time="53.228"/>
  <testcase classname="qa.tests.ForgotPassword" name="PuppyTestCasesForgotPassword" time="7.163"/>
</testsuite> <!-- qa.tests.ForgotPassword -->
