<?xml version="1.0" encoding="UTF-8"?>
<!-- Generated by org.testng.reporters.JUnitReportReporter -->
<testsuite hostname="LAPTOP-7QQ0HTND" failures="0" tests="5" name="qa.tests.LoginPage" time="66.612" errors="0" timestamp="2024-05-27T21:57:07 PKT" skipped="0">
  <testcase classname="qa.tests.LoginPage" name="VerifyloginPageLoad" time="16.574"/>
  <testcase classname="qa.tests.LoginPage" name="VerifyIncorrectLogin" time="7.455"/>
  <testcase classname="qa.tests.LoginPage" name="verifyRememberMeFunctionality" time="13.690"/>
  <testcase classname="qa.tests.LoginPage" name="VerifyCorrectLogin" time="19.251"/>
  <testcase classname="qa.tests.LoginPage" name="maskingUnmasking" time="9.642"/>
</testsuite> <!-- qa.tests.LoginPage -->
